<?xml version="1.0" encoding="UTF-8"?>
<testng-results ignored="0" total="1" passed="1" failed="0" skipped="0">
  <reporter-output>
  </reporter-output>
  <suite started-at="2021-12-10T17:10:57 IST" name="Default suite" finished-at="2021-12-10T17:10:57 IST" duration-ms="111">
    <groups>
    </groups>
    <test started-at="2021-12-10T17:10:57 IST" name="Default test" finished-at="2021-12-10T17:10:57 IST" duration-ms="111">
      <class name="SDET25.CmdLine">
        <test-method signature="NewLine()[pri:0, instance:SDET25.CmdLine@37858383]" started-at="2021-12-10T17:10:57 IST" name="NewLine" finished-at="2021-12-10T17:10:57 IST" duration-ms="21" status="PASS">
          <reporter-output>
          </reporter-output>
        </test-method> <!-- NewLine -->
      </class> <!-- SDET25.CmdLine -->
    </test> <!-- Default test -->
  </suite> <!-- Default suite -->
</testng-results>
